# configure exec: ./configure --prefix=/Users/olamidejubril/Desktop/Node-Kafka/listBooks/node_modules/node-rdkafka/build/deps --libdir=/Users/olamidejubril/Desktop/Node-Kafka/listBooks/node_modules/node-rdkafka/build/deps --prefix=/Users/olamidejubril/Desktop/Node-Kafka/listBooks/node_modules/node-rdkafka/build/deps --libdir=/Users/olamidejubril/Desktop/Node-Kafka/listBooks/node_modules/node-rdkafka/build/deps
# On Fri  7 Oct 2022 22:55:23 WAT
DBG 77704: Setting distro (distro) status to ok (action ignore)
DBG 77704: ccenv: WITH_CC:  --version failed: mklove/modules/configure.base: line 1798: --version: command not found
DBG 77704: Setting ccenv (ccenv) status to failed (action cont)
DBG 77704: Check ccenv (WITH_CC, action cont (originally cont)) failed: command ' --version' failed:
mklove/modules/configure.base: line 1798: --version: command not found
DBG 77704: Setting gcc (gcc) status to ok (action cont)
DBG 77704: cxxenv: WITH_CXX:  --version failed: mklove/modules/configure.base: line 1798: --version: command not found
DBG 77704: Setting cxxenv (cxxenv) status to failed (action cont)
DBG 77704: Check cxxenv (WITH_CXX, action cont (originally cont)) failed: command ' --version' failed:
mklove/modules/configure.base: line 1798: --version: command not found
DBG 77704: Setting gxx (gxx) status to ok (action cont)
DBG 77704: Setting ld (ld) status to ok (action disable)
DBG 77704: Setting nm (nm) status to ok (action disable)
DBG 77704: Setting objdump (objdump) status to ok (action disable)
DBG 77704: Setting strip (strip) status to ok (action disable)
DBG 77704: Setting libtool (libtool) status to ok (action disable)
DBG 77704: Setting ranlib (ranlib) status to ok (action disable)
DBG 77704: Compile check cc_g_dwarf () (sub=0): gcc   -Wall -Werror _mkltmpKfV5Sd.c -o _mkltmpKfV5Sd.c.o  -L/Users/olamidejubril/Desktop/Node-Kafka/listBooks/node_modules/node-rdkafka/build/deps -gstrict-dwarf
DBG 77704: Setting cc_g_dwarf (cc_g_dwarf) status to ok (action cont)
DBG 77704: Setting pkgconfig (pkgconfig) status to ok (action cont)
DBG 77704: install: WITH_INSTALL: install --version failed: install: illegal option -- -
usage: install [-bCcpSsv] [-B suffix] [-f flags] [-g group] [-m mode]
               [-o owner] file1 file2
       install [-bCcpSsv] [-B suffix] [-f flags] [-g group] [-m mode]
               [-o owner] file1 ... fileN directory
       install -d [-v] [-g group] [-m mode] [-o owner] directory ...
DBG 77704: Setting install (install) status to failed (action cont)
DBG 77704: Check install (WITH_INSTALL, action cont (originally cont)) failed: command 'install --version' failed:
install: illegal option -- -
usage: install [-bCcpSsv] [-B suffix] [-f flags] [-g group] [-m mode]
               [-o owner] file1 file2
       install [-bCcpSsv] [-B suffix] [-f flags] [-g group] [-m mode]
               [-o owner] file1 ... fileN directory
       install -d [-v] [-g group] [-m mode] [-o owner] directory ...
DBG 77704: gnuar: HAS_GNU_AR: ar -V 2>/dev/null | grep -q GNU failed: ar: one of options -dmpqrtsx is required
usage:  ar -d [-TLsv] archive file ...
	ar -m [-TLsv] archive file ...
	ar -m [-abiTLsv] position archive file ...
	ar -p [-TLsv] archive [file ...]
	ar -q [-cTLsv] archive file ...
	ar -r [-cuTLsv] archive file ...
	ar -r [-abciuTLsv] position archive file ...
	ar -t [-TLsv] archive [file ...]
	ar -x [-ouTLsv] archive [file ...]
DBG 77704: Setting gnuar (gnuar) status to failed (action disable)
DBG 77704: Check gnuar (HAS_GNU_AR, action disable (originally disable)) failed: command 'ar -V 2>/dev/null | grep -q GNU' failed:
ar: one of options -dmpqrtsx is required
usage:  ar -d [-TLsv] archive file ...
	ar -m [-TLsv] archive file ...
	ar -m [-abiTLsv] position archive file ...
	ar -p [-TLsv] archive [file ...]
	ar -q [-cTLsv] archive file ...
	ar -r [-cuTLsv] archive file ...
	ar -r [-abciuTLsv] position archive file ...
	ar -t [-TLsv] archive [file ...]
	ar -x [-ouTLsv] archive [file ...]
DBG 77704: Compile check PIC (HAVE_PIC) (sub=0): gcc  -gstrict-dwarf -O2 -Wall -Werror _mkltmpUggGgh.c -o _mkltmpUggGgh.c.o  -L/Users/olamidejubril/Desktop/Node-Kafka/listBooks/node_modules/node-rdkafka/build/deps -fPIC
DBG 77704: Setting PIC (PIC) status to ok (action disable)
DBG 77704: Compile check gnulib (WITH_GNULD) (sub=0): gcc  -gstrict-dwarf -O2 -fPIC -Wall -Werror _mkltmpCyjwuS.c -o _mkltmpCyjwuS.c.o  -L/Users/olamidejubril/Desktop/Node-Kafka/listBooks/node_modules/node-rdkafka/build/deps -shared -Wl,-soname,mkltest.0
DBG 77704: compile check for gnulib (WITH_GNULD) failed: gcc  -gstrict-dwarf -O2 -fPIC -Wall -Werror _mkltmpCyjwuS.c -o _mkltmpCyjwuS.c.o  -L/Users/olamidejubril/Desktop/Node-Kafka/listBooks/node_modules/node-rdkafka/build/deps -shared -Wl,-soname,mkltest.0: ld: unknown option: -soname
clang: error: linker command failed with exit code 1 (use -v to see invocation)
DBG 77704: Setting gnulib (gnulib) status to failed (action cont)
DBG 77704: Check gnulib (WITH_GNULD, action cont (originally cont)) failed: compile check failed:
CC: CC
flags: -shared -Wl,-soname,mkltest.0
gcc  -gstrict-dwarf -O2 -fPIC -Wall -Werror _mkltmpCyjwuS.c -o _mkltmpCyjwuS.c.o  -L/Users/olamidejubril/Desktop/Node-Kafka/listBooks/node_modules/node-rdkafka/build/deps -shared -Wl,-soname,mkltest.0:
ld: unknown option: -soname
clang: error: linker command failed with exit code 1 (use -v to see invocation)
source: 
DBG 77704: Compile check osxlib (WITH_OSXLD) (sub=0): gcc  -gstrict-dwarf -O2 -fPIC -Wall -Werror _mkltmpCqRu0P.c -o _mkltmpCqRu0P.c.o  -L/Users/olamidejubril/Desktop/Node-Kafka/listBooks/node_modules/node-rdkafka/build/deps -dynamiclib -Wl,-install_name,/tmp/mkltest.so.0
DBG 77704: Setting osxlib (osxlib) status to ok (action cont)
DBG 77704: Compile check ldsflagvs () (sub=0): gcc  -gstrict-dwarf -O2 -fPIC -Wall -Werror _mkltmpF2Go09.c -o _mkltmpF2Go09.c.o  -L/Users/olamidejubril/Desktop/Node-Kafka/listBooks/node_modules/node-rdkafka/build/deps -shared -Wl,--version-script=_mkltmpJPcGJz
DBG 77704: compile check for ldsflagvs () failed: gcc  -gstrict-dwarf -O2 -fPIC -Wall -Werror _mkltmpF2Go09.c -o _mkltmpF2Go09.c.o  -L/Users/olamidejubril/Desktop/Node-Kafka/listBooks/node_modules/node-rdkafka/build/deps -shared -Wl,--version-script=_mkltmpJPcGJz: ld: unknown option: --version-script=_mkltmpJPcGJz
clang: error: linker command failed with exit code 1 (use -v to see invocation)
DBG 77704: Setting ldsflagvs (ldsflagvs) status to failed (action cont)
DBG 77704: Check ldsflagvs (, action cont (originally cont)) failed: compile check failed:
CC: CC
flags: -shared -Wl,--version-script=_mkltmpJPcGJz
gcc  -gstrict-dwarf -O2 -fPIC -Wall -Werror _mkltmpF2Go09.c -o _mkltmpF2Go09.c.o  -L/Users/olamidejubril/Desktop/Node-Kafka/listBooks/node_modules/node-rdkafka/build/deps -shared -Wl,--version-script=_mkltmpJPcGJz:
ld: unknown option: --version-script=_mkltmpJPcGJz
clang: error: linker command failed with exit code 1 (use -v to see invocation)
source: 
DBG 77704: Compile check ldsflagm () (sub=0): gcc  -gstrict-dwarf -O2 -fPIC -Wall -Werror _mkltmphXM4uF.c -o _mkltmphXM4uF.c.o  -L/Users/olamidejubril/Desktop/Node-Kafka/listBooks/node_modules/node-rdkafka/build/deps -shared -Wl,-M_mkltmpJPcGJz
DBG 77704: compile check for ldsflagm () failed: gcc  -gstrict-dwarf -O2 -fPIC -Wall -Werror _mkltmphXM4uF.c -o _mkltmphXM4uF.c.o  -L/Users/olamidejubril/Desktop/Node-Kafka/listBooks/node_modules/node-rdkafka/build/deps -shared -Wl,-M_mkltmpJPcGJz: ld: unknown option: -M_mkltmpJPcGJz
clang: error: linker command failed with exit code 1 (use -v to see invocation)
DBG 77704: Setting ldsflagm (ldsflagm) status to failed (action ignore)
DBG 77704: Check ldsflagm (, action ignore (originally ignore)) failed: compile check failed:
CC: CC
flags: -shared -Wl,-M_mkltmpJPcGJz
gcc  -gstrict-dwarf -O2 -fPIC -Wall -Werror _mkltmphXM4uF.c -o _mkltmphXM4uF.c.o  -L/Users/olamidejubril/Desktop/Node-Kafka/listBooks/node_modules/node-rdkafka/build/deps -shared -Wl,-M_mkltmpJPcGJz:
ld: unknown option: -M_mkltmpJPcGJz
clang: error: linker command failed with exit code 1 (use -v to see invocation)
source: 
DBG 77704: Compile check __atomic_32 (HAVE_ATOMICS_32) (sub=0): gcc  -gstrict-dwarf -O2 -fPIC -Wall -Werror _mkltmp9QjGtW.c -o _mkltmp9QjGtW.c.o  -L/Users/olamidejubril/Desktop/Node-Kafka/listBooks/node_modules/node-rdkafka/build/deps 
DBG 77704: Setting __atomic_32 (__atomic_32) status to ok (action cont)
DBG 77704: Compile check __atomic_64 (HAVE_ATOMICS_64) (sub=0): gcc  -gstrict-dwarf -O2 -fPIC -Wall -Werror _mkltmptb3ctE.c -o _mkltmptb3ctE.c.o  -L/Users/olamidejubril/Desktop/Node-Kafka/listBooks/node_modules/node-rdkafka/build/deps 
DBG 77704: Setting __atomic_64 (__atomic_64) status to ok (action cont)
DBG 77704: Compile check socket () (sub=0): gcc  -gstrict-dwarf -O2 -fPIC -Wall -Wsign-compare -Wfloat-equal -Wpointer-arith -Wcast-align -Wall -Werror _mkltmppBOgFo.c -o _mkltmppBOgFo.c.o  -L/Users/olamidejubril/Desktop/Node-Kafka/listBooks/node_modules/node-rdkafka/build/deps 
DBG 77704: Setting socket (socket) status to ok (action cont)
DBG 77704: Setting parseversion (parseversion) status to ok (action cont)
DBG 77704: pkg-config check librt for CFLAGS (): pkg-config --short-errors --cflags librt
DBG 77704: 'pkg-config --short-errors --cflags librt' failed: No package 'librt' found
DBG 77704: Setting librt_PKGCONFIG (librt_PKGCONFIG) status to failed (action cont)
DBG 77704: Check librt_PKGCONFIG (, action cont (originally cont)) failed: 'pkg-config --short-errors --cflags librt' failed:
No package 'librt' found
DBG 77704: librt: Check for static library (libs -lrt, arfile variable STATIC_LIB_librt=, static filenames )
DBG 77704: Compile check librt () (sub=0): gcc  -gstrict-dwarf -O2 -fPIC -Wall -Wsign-compare -Wfloat-equal -Wpointer-arith -Wcast-align -Wall -Werror _mkltmpB2N8Wf.c -o _mkltmpB2N8Wf.c.o  -L/Users/olamidejubril/Desktop/Node-Kafka/listBooks/node_modules/node-rdkafka/build/deps -lrt
DBG 77704: compile check for librt () failed: gcc  -gstrict-dwarf -O2 -fPIC -Wall -Wsign-compare -Wfloat-equal -Wpointer-arith -Wcast-align -Wall -Werror _mkltmpB2N8Wf.c -o _mkltmpB2N8Wf.c.o  -L/Users/olamidejubril/Desktop/Node-Kafka/listBooks/node_modules/node-rdkafka/build/deps -lrt: ld: library not found for -lrt
clang: error: linker command failed with exit code 1 (use -v to see invocation)
DBG 77704: Setting librt (librt) status to failed (action cont)
DBG 77704: Check librt (, action cont (originally cont)) failed: compile check failed:
CC: CC
flags: -lrt
gcc  -gstrict-dwarf -O2 -fPIC -Wall -Wsign-compare -Wfloat-equal -Wpointer-arith -Wcast-align -Wall -Werror _mkltmpB2N8Wf.c -o _mkltmpB2N8Wf.c.o  -L/Users/olamidejubril/Desktop/Node-Kafka/listBooks/node_modules/node-rdkafka/build/deps -lrt:
ld: library not found for -lrt
clang: error: linker command failed with exit code 1 (use -v to see invocation)
source: 
DBG 77704: pkg-config check libpthread for CFLAGS (): pkg-config --short-errors --cflags libpthread
DBG 77704: 'pkg-config --short-errors --cflags libpthread' failed: No package 'libpthread' found
DBG 77704: Setting libpthread_PKGCONFIG (libpthread_PKGCONFIG) status to failed (action cont)
DBG 77704: Check libpthread_PKGCONFIG (, action cont (originally cont)) failed: 'pkg-config --short-errors --cflags libpthread' failed:
No package 'libpthread' found
DBG 77704: libpthread: Check for static library (libs -lpthread, arfile variable STATIC_LIB_libpthread=, static filenames )
DBG 77704: Compile check libpthread () (sub=0): gcc  -gstrict-dwarf -O2 -fPIC -Wall -Wsign-compare -Wfloat-equal -Wpointer-arith -Wcast-align -Wall -Werror _mkltmp6lMkXl.c -o _mkltmp6lMkXl.c.o  -L/Users/olamidejubril/Desktop/Node-Kafka/listBooks/node_modules/node-rdkafka/build/deps -lpthread
DBG 77704: Setting libpthread (libpthread) status to ok (action fail)
DBG 77704: libpthread: from lib_check: LIBS: prepend -lpthread
DBG 77704: pkg-config check c11threads for CFLAGS (WITH_C11THREADS): pkg-config --short-errors --cflags c11threads
DBG 77704: 'pkg-config --short-errors --cflags c11threads' failed: No package 'c11threads' found
DBG 77704: Setting c11threads_PKGCONFIG (c11threads_PKGCONFIG) status to failed (action cont)
DBG 77704: Check c11threads_PKGCONFIG (, action cont (originally cont)) failed: 'pkg-config --short-errors --cflags c11threads' failed:
No package 'c11threads' found
DBG 77704: c11threads: Check for static library (libs -lpthread, arfile variable STATIC_LIB_c11threads=, static filenames )
DBG 77704: Compile check c11threads (WITH_C11THREADS) (sub=0): gcc  -gstrict-dwarf -O2 -fPIC -Wall -Wsign-compare -Wfloat-equal -Wpointer-arith -Wcast-align -Wall -Werror _mkltmpNCY6rr.c -o _mkltmpNCY6rr.c.o  -L/Users/olamidejubril/Desktop/Node-Kafka/listBooks/node_modules/node-rdkafka/build/deps -lpthread
DBG 77704: compile check for c11threads (WITH_C11THREADS) failed: gcc  -gstrict-dwarf -O2 -fPIC -Wall -Wsign-compare -Wfloat-equal -Wpointer-arith -Wcast-align -Wall -Werror _mkltmpNCY6rr.c -o _mkltmpNCY6rr.c.o  -L/Users/olamidejubril/Desktop/Node-Kafka/listBooks/node_modules/node-rdkafka/build/deps -lpthread: _mkltmpNCY6rr.c:2:10: fatal error: 'threads.h' file not found
#include <threads.h>
         ^~~~~~~~~~~
1 error generated.
DBG 77704: Setting c11threads (c11threads) status to failed (action disable)
DBG 77704: Check c11threads (WITH_C11THREADS, action disable (originally disable)) failed: compile check failed:
CC: CC
flags: -lpthread
gcc  -gstrict-dwarf -O2 -fPIC -Wall -Wsign-compare -Wfloat-equal -Wpointer-arith -Wcast-align -Wall -Werror _mkltmpNCY6rr.c -o _mkltmpNCY6rr.c.o  -L/Users/olamidejubril/Desktop/Node-Kafka/listBooks/node_modules/node-rdkafka/build/deps -lpthread:
_mkltmpNCY6rr.c:2:10: fatal error: 'threads.h' file not found
#include <threads.h>
         ^~~~~~~~~~~
1 error generated.
source: 
#include <threads.h>


static int start_func (void *arg) {
   int iarg = *(int *)arg;
   return iarg;
}

void foo (void) {
    thrd_t thr;
    int arg = 1;
    if (thrd_create(&thr, start_func, (void *)&arg) != thrd_success) {
      ;
    }
}

DBG 77704: pkg-config check libdl for CFLAGS (WITH_LIBDL): pkg-config --short-errors --cflags libdl
DBG 77704: 'pkg-config --short-errors --cflags libdl' failed: No package 'libdl' found
DBG 77704: Setting libdl_PKGCONFIG (libdl_PKGCONFIG) status to failed (action cont)
DBG 77704: Check libdl_PKGCONFIG (, action cont (originally cont)) failed: 'pkg-config --short-errors --cflags libdl' failed:
No package 'libdl' found
DBG 77704: libdl: Check for static library (libs -ldl, arfile variable STATIC_LIB_libdl=, static filenames )
DBG 77704: Compile check libdl (WITH_LIBDL) (sub=0): gcc  -gstrict-dwarf -O2 -fPIC -Wall -Wsign-compare -Wfloat-equal -Wpointer-arith -Wcast-align -Wall -Werror _mkltmpc1O2XR.c -o _mkltmpc1O2XR.c.o  -L/Users/olamidejubril/Desktop/Node-Kafka/listBooks/node_modules/node-rdkafka/build/deps -ldl
DBG 77704: Setting libdl (libdl) status to ok (action disable)
DBG 77704: libdl: from lib_check: LIBS: prepend -ldl
DBG 77704: pkg-config check zlib for CFLAGS (WITH_ZLIB): pkg-config --short-errors --cflags zlib
DBG 77704: pkg-config check zlib for LIBS (WITH_ZLIB): pkg-config --short-errors --libs zlib
DBG 77704: zlib: from pkg-config: CFLAGS '', LIBS '-ldl -lpthread'
DBG 77704: zlib: performing compile check using pkg-config info
DBG 77704: Compile check zlib (WITH_ZLIB) (sub=1): gcc  -gstrict-dwarf -O2 -fPIC -Wall -Wsign-compare -Wfloat-equal -Wpointer-arith -Wcast-align -Wall -Werror _mkltmp8x6G3O.c -o _mkltmp8x6G3O.c.o  -L/Users/olamidejubril/Desktop/Node-Kafka/listBooks/node_modules/node-rdkafka/build/deps  -lz
DBG 77704: zlib: Check for static library (libs -lz, arfile variable STATIC_LIB_zlib=, static filenames libz.a)
DBG 77704: zlib: from pkg-config: LIBS: prepend -lz
DBG 77704: Setting zlib (zlib) status to ok (action cont)
DBG 77704: pkg-config check libcrypto for CFLAGS (): pkg-config --short-errors --cflags libcrypto
DBG 77704: 'pkg-config --short-errors --cflags libcrypto' failed: No package 'libcrypto' found
DBG 77704: Setting libcrypto_PKGCONFIG (libcrypto_PKGCONFIG) status to failed (action cont)
DBG 77704: Check libcrypto_PKGCONFIG (, action cont (originally cont)) failed: 'pkg-config --short-errors --cflags libcrypto' failed:
No package 'libcrypto' found
DBG 77704: libcrypto: Check for static library (libs -lcrypto, arfile variable STATIC_LIB_libcrypto=, static filenames libcrypto.a)
DBG 77704: Compile check libcrypto () (sub=0): gcc  -gstrict-dwarf -O2 -fPIC -Wall -Wsign-compare -Wfloat-equal -Wpointer-arith -Wcast-align -Wall -Werror _mkltmpqYsVFV.c -o _mkltmpqYsVFV.c.o  -L/Users/olamidejubril/Desktop/Node-Kafka/listBooks/node_modules/node-rdkafka/build/deps -lcrypto
DBG 77704: compile check for libcrypto () failed: gcc  -gstrict-dwarf -O2 -fPIC -Wall -Wsign-compare -Wfloat-equal -Wpointer-arith -Wcast-align -Wall -Werror _mkltmpqYsVFV.c -o _mkltmpqYsVFV.c.o  -L/Users/olamidejubril/Desktop/Node-Kafka/listBooks/node_modules/node-rdkafka/build/deps -lcrypto: _mkltmpqYsVFV.c:2:10: fatal error: 'openssl/ssl.h' file not found
#include <openssl/ssl.h>
         ^~~~~~~~~~~~~~~
1 error generated.
DBG 77704: Setting libcrypto (libcrypto) status to failed (action disable)
DBG 77704: Check libcrypto (, action disable (originally disable)) failed: compile check failed:
CC: CC
flags: -lcrypto
gcc  -gstrict-dwarf -O2 -fPIC -Wall -Wsign-compare -Wfloat-equal -Wpointer-arith -Wcast-align -Wall -Werror _mkltmpqYsVFV.c -o _mkltmpqYsVFV.c.o  -L/Users/olamidejubril/Desktop/Node-Kafka/listBooks/node_modules/node-rdkafka/build/deps -lcrypto:
_mkltmpqYsVFV.c:2:10: fatal error: 'openssl/ssl.h' file not found
#include <openssl/ssl.h>
         ^~~~~~~~~~~~~~~
1 error generated.
source: 
#include <openssl/ssl.h>
#include <openssl/evp.h>
#if OPENSSL_VERSION_NUMBER < 0x1000100fL
#error "Requires OpenSSL version >= v1.0.1"
#endif
DBG 77704: pkg-config check libsasl2 for CFLAGS (WITH_SASL_CYRUS): pkg-config --short-errors --cflags libsasl2
DBG 77704: 'pkg-config --short-errors --cflags libsasl2' failed: No package 'libsasl2' found
DBG 77704: Setting libsasl2_PKGCONFIG (libsasl2_PKGCONFIG) status to failed (action cont)
DBG 77704: Check libsasl2_PKGCONFIG (, action cont (originally cont)) failed: 'pkg-config --short-errors --cflags libsasl2' failed:
No package 'libsasl2' found
DBG 77704: libsasl2: Check for static library (libs -lsasl2, arfile variable STATIC_LIB_libsasl2=, static filenames )
DBG 77704: Compile check libsasl2 (WITH_SASL_CYRUS) (sub=0): gcc  -gstrict-dwarf -O2 -fPIC -Wall -Wsign-compare -Wfloat-equal -Wpointer-arith -Wcast-align -Wall -Werror _mkltmpHaXFEd.c -o _mkltmpHaXFEd.c.o  -L/Users/olamidejubril/Desktop/Node-Kafka/listBooks/node_modules/node-rdkafka/build/deps -lsasl2
DBG 77704: Setting libsasl2 (libsasl2) status to ok (action disable)
DBG 77704: libsasl2: from lib_check: LIBS: prepend -lsasl2
DBG 77704: pkg-config check libzstd for CFLAGS (WITH_ZSTD): pkg-config --short-errors --cflags libzstd
DBG 77704: pkg-config check libzstd for LIBS (WITH_ZSTD): pkg-config --short-errors --libs libzstd
DBG 77704: libzstd: from pkg-config: CFLAGS '', LIBS '-lsasl2 -lz -ldl -lpthread'
DBG 77704: libzstd: performing compile check using pkg-config info
DBG 77704: Compile check libzstd (WITH_ZSTD) (sub=1): gcc  -gstrict-dwarf -O2 -fPIC -Wall -Wsign-compare -Wfloat-equal -Wpointer-arith -Wcast-align -Wall -Werror _mkltmpku37WS.c -o _mkltmpku37WS.c.o  -L/Users/olamidejubril/Desktop/Node-Kafka/listBooks/node_modules/node-rdkafka/build/deps -I/opt/homebrew/Cellar/zstd/1.5.2/include -L/opt/homebrew/Cellar/zstd/1.5.2/lib -lzstd
DBG 77704: libzstd: Check for static library (libs -L/opt/homebrew/Cellar/zstd/1.5.2/lib -lzstd, arfile variable STATIC_LIB_libzstd=, static filenames libzstd.a)
DBG 77704: libzstd: from pkg-config: LIBS: prepend -L/opt/homebrew/Cellar/zstd/1.5.2/lib -lzstd
DBG 77704: Setting libzstd (libzstd) status to ok (action cont)
DBG 77704: pkg-config check libm for CFLAGS (): pkg-config --short-errors --cflags libm
DBG 77704: 'pkg-config --short-errors --cflags libm' failed: No package 'libm' found
DBG 77704: Setting libm_PKGCONFIG (libm_PKGCONFIG) status to failed (action cont)
DBG 77704: Check libm_PKGCONFIG (, action cont (originally cont)) failed: 'pkg-config --short-errors --cflags libm' failed:
No package 'libm' found
DBG 77704: libm: Check for static library (libs -lm, arfile variable STATIC_LIB_libm=, static filenames )
DBG 77704: Compile check libm () (sub=0): gcc -I/opt/homebrew/Cellar/zstd/1.5.2/include -gstrict-dwarf -O2 -fPIC -Wall -Wsign-compare -Wfloat-equal -Wpointer-arith -Wcast-align -Wall -Werror _mkltmpDnr7w8.c -o _mkltmpDnr7w8.c.o  -L/Users/olamidejubril/Desktop/Node-Kafka/listBooks/node_modules/node-rdkafka/build/deps -lm
DBG 77704: Setting libm (libm) status to ok (action disable)
DBG 77704: libm: from lib_check: LIBS: prepend -lm
DBG 77704: pkg-config check liblz4 for CFLAGS (WITH_LZ4_EXT): pkg-config --short-errors --cflags liblz4
DBG 77704: pkg-config check liblz4 for LIBS (WITH_LZ4_EXT): pkg-config --short-errors --libs liblz4
DBG 77704: liblz4: from pkg-config: CFLAGS '-I/opt/homebrew/Cellar/zstd/1.5.2/include', LIBS '-lm -L/opt/homebrew/Cellar/zstd/1.5.2/lib -lzstd -lsasl2 -lz -ldl -lpthread'
DBG 77704: liblz4: performing compile check using pkg-config info
DBG 77704: Compile check liblz4 (WITH_LZ4_EXT) (sub=1): gcc -I/opt/homebrew/Cellar/zstd/1.5.2/include -gstrict-dwarf -O2 -fPIC -Wall -Wsign-compare -Wfloat-equal -Wpointer-arith -Wcast-align -Wall -Werror _mkltmpum8qho.c -o _mkltmpum8qho.c.o  -L/Users/olamidejubril/Desktop/Node-Kafka/listBooks/node_modules/node-rdkafka/build/deps -I/opt/homebrew/Cellar/lz4/1.9.4/include -L/opt/homebrew/Cellar/lz4/1.9.4/lib -llz4
DBG 77704: liblz4: Check for static library (libs -L/opt/homebrew/Cellar/lz4/1.9.4/lib -llz4, arfile variable STATIC_LIB_liblz4=, static filenames liblz4.a)
DBG 77704: liblz4: from pkg-config: LIBS: prepend -L/opt/homebrew/Cellar/lz4/1.9.4/lib -llz4
DBG 77704: Setting liblz4 (liblz4) status to ok (action cont)
DBG 77704: Compile check syslog (WITH_SYSLOG) (sub=0): gcc -I/opt/homebrew/Cellar/zstd/1.5.2/include -I/opt/homebrew/Cellar/lz4/1.9.4/include -gstrict-dwarf -O2 -fPIC -Wall -Wsign-compare -Wfloat-equal -Wpointer-arith -Wcast-align -Wall -Werror _mkltmp8pmf1G.c -o _mkltmp8pmf1G.c.o  -L/Users/olamidejubril/Desktop/Node-Kafka/listBooks/node_modules/node-rdkafka/build/deps 
DBG 77704: Setting syslog (syslog) status to ok (action disable)
DBG 77704: Compile check rapidjson (WITH_RAPIDJSON) (sub=0): g++  -gstrict-dwarf -O2 -fPIC -Wall -Wsign-compare -Wfloat-equal -Wpointer-arith -Wcast-align -Wall -Werror _mkltmpAf4lca.cpp -o _mkltmpAf4lca.cpp.o  -L/Users/olamidejubril/Desktop/Node-Kafka/listBooks/node_modules/node-rdkafka/build/deps 
DBG 77704: compile check for rapidjson (WITH_RAPIDJSON) failed: g++  -gstrict-dwarf -O2 -fPIC -Wall -Wsign-compare -Wfloat-equal -Wpointer-arith -Wcast-align -Wall -Werror _mkltmpAf4lca.cpp -o _mkltmpAf4lca.cpp.o  -L/Users/olamidejubril/Desktop/Node-Kafka/listBooks/node_modules/node-rdkafka/build/deps : _mkltmpAf4lca.cpp:1:10: fatal error: 'rapidjson/schema.h' file not found
#include <rapidjson/schema.h>
         ^~~~~~~~~~~~~~~~~~~~
1 error generated.
DBG 77704: Setting rapidjson (rapidjson) status to failed (action disable)
DBG 77704: Check rapidjson (WITH_RAPIDJSON, action disable (originally disable)) failed: compile check failed:
CC: CXX
flags: 
g++  -gstrict-dwarf -O2 -fPIC -Wall -Wsign-compare -Wfloat-equal -Wpointer-arith -Wcast-align -Wall -Werror _mkltmpAf4lca.cpp -o _mkltmpAf4lca.cpp.o  -L/Users/olamidejubril/Desktop/Node-Kafka/listBooks/node_modules/node-rdkafka/build/deps :
_mkltmpAf4lca.cpp:1:10: fatal error: 'rapidjson/schema.h' file not found
#include <rapidjson/schema.h>
         ^~~~~~~~~~~~~~~~~~~~
1 error generated.
source: #include <rapidjson/schema.h>
DBG 77704: Compile check crc32chw (WITH_CRC32C_HW) (sub=0): gcc -I/opt/homebrew/Cellar/zstd/1.5.2/include -I/opt/homebrew/Cellar/lz4/1.9.4/include -gstrict-dwarf -O2 -fPIC -Wall -Wsign-compare -Wfloat-equal -Wpointer-arith -Wcast-align -Wall -Werror _mkltmpeQTtBC.c -o _mkltmpeQTtBC.c.o  -L/Users/olamidejubril/Desktop/Node-Kafka/listBooks/node_modules/node-rdkafka/build/deps 
DBG 77704: compile check for crc32chw (WITH_CRC32C_HW) failed: gcc -I/opt/homebrew/Cellar/zstd/1.5.2/include -I/opt/homebrew/Cellar/lz4/1.9.4/include -gstrict-dwarf -O2 -fPIC -Wall -Wsign-compare -Wfloat-equal -Wpointer-arith -Wcast-align -Wall -Werror _mkltmpeQTtBC.c -o _mkltmpeQTtBC.c.o  -L/Users/olamidejubril/Desktop/Node-Kafka/listBooks/node_modules/node-rdkafka/build/deps : _mkltmpeQTtBC.c:12:14: error: invalid output constraint '=c' in asm
           : "=c"(ecx)
             ^
1 error generated.
DBG 77704: Setting crc32chw (crc32chw) status to failed (action disable)
DBG 77704: Check crc32chw (WITH_CRC32C_HW, action disable (originally disable)) failed: compile check failed:
CC: CC
flags: 
gcc -I/opt/homebrew/Cellar/zstd/1.5.2/include -I/opt/homebrew/Cellar/lz4/1.9.4/include -gstrict-dwarf -O2 -fPIC -Wall -Wsign-compare -Wfloat-equal -Wpointer-arith -Wcast-align -Wall -Werror _mkltmpeQTtBC.c -o _mkltmpeQTtBC.c.o  -L/Users/olamidejubril/Desktop/Node-Kafka/listBooks/node_modules/node-rdkafka/build/deps :
_mkltmpeQTtBC.c:12:14: error: invalid output constraint '=c' in asm
           : "=c"(ecx)
             ^
1 error generated.
source: 
#include <inttypes.h>
#include <stdio.h>
#define LONGx1 "8192"
#define LONGx2 "16384"
void foo (void) {
   const char *n = "abcdefghijklmnopqrstuvwxyz0123456789";
   uint64_t c0 = 0, c1 = 1, c2 = 2;
   uint64_t s;
   uint32_t eax = 1, ecx;
   __asm__("cpuid"
           : "=c"(ecx)
           : "a"(eax)
           : "%ebx", "%edx");
   __asm__("crc32b\t" "(%1), %0"
           : "=r"(c0)
           : "r"(n), "0"(c0));
   __asm__("crc32q\t" "(%3), %0\n\t"
           "crc32q\t" LONGx1 "(%3), %1\n\t"
           "crc32q\t" LONGx2 "(%3), %2"
           : "=r"(c0), "=r"(c1), "=r"(c2)
           : "r"(n), "0"(c0), "1"(c1), "2"(c2));
  s = c0 + c1 + c2;
  printf("avoiding unused code removal by printing %d, %d, %d\n", (int)s, (int)eax, (int)ecx);
}

DBG 77704: Compile check regex (HAVE_REGEX) (sub=0): gcc -I/opt/homebrew/Cellar/zstd/1.5.2/include -I/opt/homebrew/Cellar/lz4/1.9.4/include -gstrict-dwarf -O2 -fPIC -Wall -Wsign-compare -Wfloat-equal -Wpointer-arith -Wcast-align -Wall -Werror _mkltmpi08RQc.c -o _mkltmpi08RQc.c.o  -L/Users/olamidejubril/Desktop/Node-Kafka/listBooks/node_modules/node-rdkafka/build/deps 
DBG 77704: Setting regex (regex) status to ok (action disable)
DBG 77704: Compile check rand_r (HAVE_RAND_R) (sub=0): gcc -I/opt/homebrew/Cellar/zstd/1.5.2/include -I/opt/homebrew/Cellar/lz4/1.9.4/include -gstrict-dwarf -O2 -fPIC -Wall -Wsign-compare -Wfloat-equal -Wpointer-arith -Wcast-align -Wall -Werror _mkltmpLlrTEr.c -o _mkltmpLlrTEr.c.o  -L/Users/olamidejubril/Desktop/Node-Kafka/listBooks/node_modules/node-rdkafka/build/deps 
DBG 77704: Setting rand_r (rand_r) status to ok (action disable)
DBG 77704: Compile check strndup (HAVE_STRNDUP) (sub=0): gcc -I/opt/homebrew/Cellar/zstd/1.5.2/include -I/opt/homebrew/Cellar/lz4/1.9.4/include -gstrict-dwarf -O2 -fPIC -Wall -Wsign-compare -Wfloat-equal -Wpointer-arith -Wcast-align -Wall -Werror _mkltmpRiwCkA.c -o _mkltmpRiwCkA.c.o  -L/Users/olamidejubril/Desktop/Node-Kafka/listBooks/node_modules/node-rdkafka/build/deps 
DBG 77704: Setting strndup (strndup) status to ok (action disable)
DBG 77704: Compile check strlcpy (HAVE_STRLCPY) (sub=0): gcc -I/opt/homebrew/Cellar/zstd/1.5.2/include -I/opt/homebrew/Cellar/lz4/1.9.4/include -gstrict-dwarf -O2 -fPIC -Wall -Wsign-compare -Wfloat-equal -Wpointer-arith -Wcast-align -Wall -Werror _mkltmpbNHu4K.c -o _mkltmpbNHu4K.c.o  -L/Users/olamidejubril/Desktop/Node-Kafka/listBooks/node_modules/node-rdkafka/build/deps 
DBG 77704: Setting strlcpy (strlcpy) status to ok (action disable)
DBG 77704: Compile check strerror_r (HAVE_STRERROR_R) (sub=0): gcc -I/opt/homebrew/Cellar/zstd/1.5.2/include -I/opt/homebrew/Cellar/lz4/1.9.4/include -gstrict-dwarf -O2 -fPIC -Wall -Wsign-compare -Wfloat-equal -Wpointer-arith -Wcast-align -Wall -Werror _mkltmpb1MRtX.c -o _mkltmpb1MRtX.c.o  -L/Users/olamidejubril/Desktop/Node-Kafka/listBooks/node_modules/node-rdkafka/build/deps 
DBG 77704: Setting strerror_r (strerror_r) status to ok (action disable)
DBG 77704: Compile check strcasestr (HAVE_STRCASESTR) (sub=0): gcc -I/opt/homebrew/Cellar/zstd/1.5.2/include -I/opt/homebrew/Cellar/lz4/1.9.4/include -gstrict-dwarf -O2 -fPIC -Wall -Wsign-compare -Wfloat-equal -Wpointer-arith -Wcast-align -Wall -Werror _mkltmpiWIgwd.c -o _mkltmpiWIgwd.c.o  -L/Users/olamidejubril/Desktop/Node-Kafka/listBooks/node_modules/node-rdkafka/build/deps 
DBG 77704: Setting strcasestr (strcasestr) status to ok (action disable)
DBG 77704: Compile check pthread_setname_gnu (HAVE_PTHREAD_SETNAME_GNU) (sub=0): gcc -I/opt/homebrew/Cellar/zstd/1.5.2/include -I/opt/homebrew/Cellar/lz4/1.9.4/include -gstrict-dwarf -O2 -fPIC -Wall -Wsign-compare -Wfloat-equal -Wpointer-arith -Wcast-align -Wall -Werror _mkltmpJD4fqc.c -o _mkltmpJD4fqc.c.o  -L/Users/olamidejubril/Desktop/Node-Kafka/listBooks/node_modules/node-rdkafka/build/deps -D_GNU_SOURCE -lpthread
DBG 77704: compile check for pthread_setname_gnu (HAVE_PTHREAD_SETNAME_GNU) failed: gcc -I/opt/homebrew/Cellar/zstd/1.5.2/include -I/opt/homebrew/Cellar/lz4/1.9.4/include -gstrict-dwarf -O2 -fPIC -Wall -Wsign-compare -Wfloat-equal -Wpointer-arith -Wcast-align -Wall -Werror _mkltmpJD4fqc.c -o _mkltmpJD4fqc.c.o  -L/Users/olamidejubril/Desktop/Node-Kafka/listBooks/node_modules/node-rdkafka/build/deps -D_GNU_SOURCE -lpthread: _mkltmpJD4fqc.c:5:38: error: too many arguments to function call, expected 1, have 2
  pthread_setname_np(pthread_self(), "abc");
  ~~~~~~~~~~~~~~~~~~                 ^~~~~
/Library/Developer/CommandLineTools/SDKs/MacOSX.sdk/usr/include/pthread.h:510:5: note: 'pthread_setname_np' declared here
int     pthread_setname_np(const char*);
        ^
1 error generated.
DBG 77704: Setting pthread_setname_gnu (pthread_setname_gnu) status to failed (action disable)
DBG 77704: Check pthread_setname_gnu (HAVE_PTHREAD_SETNAME_GNU, action disable (originally disable)) failed: compile check failed:
CC: CC
flags: -D_GNU_SOURCE -lpthread
gcc -I/opt/homebrew/Cellar/zstd/1.5.2/include -I/opt/homebrew/Cellar/lz4/1.9.4/include -gstrict-dwarf -O2 -fPIC -Wall -Wsign-compare -Wfloat-equal -Wpointer-arith -Wcast-align -Wall -Werror _mkltmpJD4fqc.c -o _mkltmpJD4fqc.c.o  -L/Users/olamidejubril/Desktop/Node-Kafka/listBooks/node_modules/node-rdkafka/build/deps -D_GNU_SOURCE -lpthread:
_mkltmpJD4fqc.c:5:38: error: too many arguments to function call, expected 1, have 2
  pthread_setname_np(pthread_self(), "abc");
  ~~~~~~~~~~~~~~~~~~                 ^~~~~
/Library/Developer/CommandLineTools/SDKs/MacOSX.sdk/usr/include/pthread.h:510:5: note: 'pthread_setname_np' declared here
int     pthread_setname_np(const char*);
        ^
1 error generated.
source: 
#include <pthread.h>

void foo (void) {
  pthread_setname_np(pthread_self(), "abc");
}

DBG 77704: Compile check pthread_setname_darwin (HAVE_PTHREAD_SETNAME_DARWIN) (sub=0): gcc -I/opt/homebrew/Cellar/zstd/1.5.2/include -I/opt/homebrew/Cellar/lz4/1.9.4/include -gstrict-dwarf -O2 -fPIC -Wall -Wsign-compare -Wfloat-equal -Wpointer-arith -Wcast-align -Wall -Werror _mkltmpssZ52j.c -o _mkltmpssZ52j.c.o  -L/Users/olamidejubril/Desktop/Node-Kafka/listBooks/node_modules/node-rdkafka/build/deps -D_DARWIN_C_SOURCE -lpthread
DBG 77704: Setting pthread_setname_darwin (pthread_setname_darwin) status to ok (action disable)
DBG 77704: Setting nm (nm) status to ok (action cont)
DBG 77704: Compile check getrusage (HAVE_GETRUSAGE) (sub=0): gcc -I/opt/homebrew/Cellar/zstd/1.5.2/include -I/opt/homebrew/Cellar/lz4/1.9.4/include -gstrict-dwarf -O2 -fPIC -Wall -Wsign-compare -Wfloat-equal -Wpointer-arith -Wcast-align -Wall -Werror _mkltmpNjV0rb.c -o _mkltmpNjV0rb.c.o  -L/Users/olamidejubril/Desktop/Node-Kafka/listBooks/node_modules/node-rdkafka/build/deps 
DBG 77704: Setting getrusage (getrusage) status to ok (action disable)
DBG 77704: Ignoring arg -L/opt/homebrew/Cellar/lz4/1.9.4/lib from LIBS while building STATIC and DYNAMIC lists
DBG 77704: Ignoring arg -L/opt/homebrew/Cellar/zstd/1.5.2/lib from LIBS while building STATIC and DYNAMIC lists
