# configure exec: ./configure --prefix=/Users/olamidejubril/Desktop/Node-Kafka/creatBook/node_modules/node-rdkafka/build/deps --libdir=/Users/olamidejubril/Desktop/Node-Kafka/creatBook/node_modules/node-rdkafka/build/deps --prefix=/Users/olamidejubril/Desktop/Node-Kafka/creatBook/node_modules/node-rdkafka/build/deps --libdir=/Users/olamidejubril/Desktop/Node-Kafka/creatBook/node_modules/node-rdkafka/build/deps
# On Fri  7 Oct 2022 22:55:23 WAT
DBG 77688: Setting distro (distro) status to ok (action ignore)
DBG 77688: ccenv: WITH_CC:  --version failed: mklove/modules/configure.base: line 1798: --version: command not found
DBG 77688: Setting ccenv (ccenv) status to failed (action cont)
DBG 77688: Check ccenv (WITH_CC, action cont (originally cont)) failed: command ' --version' failed:
mklove/modules/configure.base: line 1798: --version: command not found
DBG 77688: Setting gcc (gcc) status to ok (action cont)
DBG 77688: cxxenv: WITH_CXX:  --version failed: mklove/modules/configure.base: line 1798: --version: command not found
DBG 77688: Setting cxxenv (cxxenv) status to failed (action cont)
DBG 77688: Check cxxenv (WITH_CXX, action cont (originally cont)) failed: command ' --version' failed:
mklove/modules/configure.base: line 1798: --version: command not found
DBG 77688: Setting gxx (gxx) status to ok (action cont)
DBG 77688: Setting ld (ld) status to ok (action disable)
DBG 77688: Setting nm (nm) status to ok (action disable)
DBG 77688: Setting objdump (objdump) status to ok (action disable)
DBG 77688: Setting strip (strip) status to ok (action disable)
DBG 77688: Setting libtool (libtool) status to ok (action disable)
DBG 77688: Setting ranlib (ranlib) status to ok (action disable)
DBG 77688: Compile check cc_g_dwarf () (sub=0): gcc   -Wall -Werror _mkltmpuqFXYs.c -o _mkltmpuqFXYs.c.o  -L/Users/olamidejubril/Desktop/Node-Kafka/creatBook/node_modules/node-rdkafka/build/deps -gstrict-dwarf
DBG 77688: Setting cc_g_dwarf (cc_g_dwarf) status to ok (action cont)
DBG 77688: Setting pkgconfig (pkgconfig) status to ok (action cont)
DBG 77688: install: WITH_INSTALL: install --version failed: install: illegal option -- -
usage: install [-bCcpSsv] [-B suffix] [-f flags] [-g group] [-m mode]
               [-o owner] file1 file2
       install [-bCcpSsv] [-B suffix] [-f flags] [-g group] [-m mode]
               [-o owner] file1 ... fileN directory
       install -d [-v] [-g group] [-m mode] [-o owner] directory ...
DBG 77688: Setting install (install) status to failed (action cont)
DBG 77688: Check install (WITH_INSTALL, action cont (originally cont)) failed: command 'install --version' failed:
install: illegal option -- -
usage: install [-bCcpSsv] [-B suffix] [-f flags] [-g group] [-m mode]
               [-o owner] file1 file2
       install [-bCcpSsv] [-B suffix] [-f flags] [-g group] [-m mode]
               [-o owner] file1 ... fileN directory
       install -d [-v] [-g group] [-m mode] [-o owner] directory ...
DBG 77688: gnuar: HAS_GNU_AR: ar -V 2>/dev/null | grep -q GNU failed: ar: one of options -dmpqrtsx is required
usage:  ar -d [-TLsv] archive file ...
	ar -m [-TLsv] archive file ...
	ar -m [-abiTLsv] position archive file ...
	ar -p [-TLsv] archive [file ...]
	ar -q [-cTLsv] archive file ...
	ar -r [-cuTLsv] archive file ...
	ar -r [-abciuTLsv] position archive file ...
	ar -t [-TLsv] archive [file ...]
	ar -x [-ouTLsv] archive [file ...]
DBG 77688: Setting gnuar (gnuar) status to failed (action disable)
DBG 77688: Check gnuar (HAS_GNU_AR, action disable (originally disable)) failed: command 'ar -V 2>/dev/null | grep -q GNU' failed:
ar: one of options -dmpqrtsx is required
usage:  ar -d [-TLsv] archive file ...
	ar -m [-TLsv] archive file ...
	ar -m [-abiTLsv] position archive file ...
	ar -p [-TLsv] archive [file ...]
	ar -q [-cTLsv] archive file ...
	ar -r [-cuTLsv] archive file ...
	ar -r [-abciuTLsv] position archive file ...
	ar -t [-TLsv] archive [file ...]
	ar -x [-ouTLsv] archive [file ...]
DBG 77688: Compile check PIC (HAVE_PIC) (sub=0): gcc  -gstrict-dwarf -O2 -Wall -Werror _mkltmpKL80jh.c -o _mkltmpKL80jh.c.o  -L/Users/olamidejubril/Desktop/Node-Kafka/creatBook/node_modules/node-rdkafka/build/deps -fPIC
DBG 77688: Setting PIC (PIC) status to ok (action disable)
DBG 77688: Compile check gnulib (WITH_GNULD) (sub=0): gcc  -gstrict-dwarf -O2 -fPIC -Wall -Werror _mkltmptB2b1n.c -o _mkltmptB2b1n.c.o  -L/Users/olamidejubril/Desktop/Node-Kafka/creatBook/node_modules/node-rdkafka/build/deps -shared -Wl,-soname,mkltest.0
DBG 77688: compile check for gnulib (WITH_GNULD) failed: gcc  -gstrict-dwarf -O2 -fPIC -Wall -Werror _mkltmptB2b1n.c -o _mkltmptB2b1n.c.o  -L/Users/olamidejubril/Desktop/Node-Kafka/creatBook/node_modules/node-rdkafka/build/deps -shared -Wl,-soname,mkltest.0: ld: unknown option: -soname
clang: error: linker command failed with exit code 1 (use -v to see invocation)
DBG 77688: Setting gnulib (gnulib) status to failed (action cont)
DBG 77688: Check gnulib (WITH_GNULD, action cont (originally cont)) failed: compile check failed:
CC: CC
flags: -shared -Wl,-soname,mkltest.0
gcc  -gstrict-dwarf -O2 -fPIC -Wall -Werror _mkltmptB2b1n.c -o _mkltmptB2b1n.c.o  -L/Users/olamidejubril/Desktop/Node-Kafka/creatBook/node_modules/node-rdkafka/build/deps -shared -Wl,-soname,mkltest.0:
ld: unknown option: -soname
clang: error: linker command failed with exit code 1 (use -v to see invocation)
source: 
DBG 77688: Compile check osxlib (WITH_OSXLD) (sub=0): gcc  -gstrict-dwarf -O2 -fPIC -Wall -Werror _mkltmpVLgUY6.c -o _mkltmpVLgUY6.c.o  -L/Users/olamidejubril/Desktop/Node-Kafka/creatBook/node_modules/node-rdkafka/build/deps -dynamiclib -Wl,-install_name,/tmp/mkltest.so.0
DBG 77688: Setting osxlib (osxlib) status to ok (action cont)
DBG 77688: Compile check ldsflagvs () (sub=0): gcc  -gstrict-dwarf -O2 -fPIC -Wall -Werror _mkltmp9R6JP1.c -o _mkltmp9R6JP1.c.o  -L/Users/olamidejubril/Desktop/Node-Kafka/creatBook/node_modules/node-rdkafka/build/deps -shared -Wl,--version-script=_mkltmpwx8Fy9
DBG 77688: compile check for ldsflagvs () failed: gcc  -gstrict-dwarf -O2 -fPIC -Wall -Werror _mkltmp9R6JP1.c -o _mkltmp9R6JP1.c.o  -L/Users/olamidejubril/Desktop/Node-Kafka/creatBook/node_modules/node-rdkafka/build/deps -shared -Wl,--version-script=_mkltmpwx8Fy9: ld: unknown option: --version-script=_mkltmpwx8Fy9
clang: error: linker command failed with exit code 1 (use -v to see invocation)
DBG 77688: Setting ldsflagvs (ldsflagvs) status to failed (action cont)
DBG 77688: Check ldsflagvs (, action cont (originally cont)) failed: compile check failed:
CC: CC
flags: -shared -Wl,--version-script=_mkltmpwx8Fy9
gcc  -gstrict-dwarf -O2 -fPIC -Wall -Werror _mkltmp9R6JP1.c -o _mkltmp9R6JP1.c.o  -L/Users/olamidejubril/Desktop/Node-Kafka/creatBook/node_modules/node-rdkafka/build/deps -shared -Wl,--version-script=_mkltmpwx8Fy9:
ld: unknown option: --version-script=_mkltmpwx8Fy9
clang: error: linker command failed with exit code 1 (use -v to see invocation)
source: 
DBG 77688: Compile check ldsflagm () (sub=0): gcc  -gstrict-dwarf -O2 -fPIC -Wall -Werror _mkltmp4AbQek.c -o _mkltmp4AbQek.c.o  -L/Users/olamidejubril/Desktop/Node-Kafka/creatBook/node_modules/node-rdkafka/build/deps -shared -Wl,-M_mkltmpwx8Fy9
DBG 77688: compile check for ldsflagm () failed: gcc  -gstrict-dwarf -O2 -fPIC -Wall -Werror _mkltmp4AbQek.c -o _mkltmp4AbQek.c.o  -L/Users/olamidejubril/Desktop/Node-Kafka/creatBook/node_modules/node-rdkafka/build/deps -shared -Wl,-M_mkltmpwx8Fy9: ld: unknown option: -M_mkltmpwx8Fy9
clang: error: linker command failed with exit code 1 (use -v to see invocation)
DBG 77688: Setting ldsflagm (ldsflagm) status to failed (action ignore)
DBG 77688: Check ldsflagm (, action ignore (originally ignore)) failed: compile check failed:
CC: CC
flags: -shared -Wl,-M_mkltmpwx8Fy9
gcc  -gstrict-dwarf -O2 -fPIC -Wall -Werror _mkltmp4AbQek.c -o _mkltmp4AbQek.c.o  -L/Users/olamidejubril/Desktop/Node-Kafka/creatBook/node_modules/node-rdkafka/build/deps -shared -Wl,-M_mkltmpwx8Fy9:
ld: unknown option: -M_mkltmpwx8Fy9
clang: error: linker command failed with exit code 1 (use -v to see invocation)
source: 
DBG 77688: Compile check __atomic_32 (HAVE_ATOMICS_32) (sub=0): gcc  -gstrict-dwarf -O2 -fPIC -Wall -Werror _mkltmpnSqjuz.c -o _mkltmpnSqjuz.c.o  -L/Users/olamidejubril/Desktop/Node-Kafka/creatBook/node_modules/node-rdkafka/build/deps 
DBG 77688: Setting __atomic_32 (__atomic_32) status to ok (action cont)
DBG 77688: Compile check __atomic_64 (HAVE_ATOMICS_64) (sub=0): gcc  -gstrict-dwarf -O2 -fPIC -Wall -Werror _mkltmpUYgx0j.c -o _mkltmpUYgx0j.c.o  -L/Users/olamidejubril/Desktop/Node-Kafka/creatBook/node_modules/node-rdkafka/build/deps 
DBG 77688: Setting __atomic_64 (__atomic_64) status to ok (action cont)
DBG 77688: Compile check socket () (sub=0): gcc  -gstrict-dwarf -O2 -fPIC -Wall -Wsign-compare -Wfloat-equal -Wpointer-arith -Wcast-align -Wall -Werror _mkltmpg9hfcs.c -o _mkltmpg9hfcs.c.o  -L/Users/olamidejubril/Desktop/Node-Kafka/creatBook/node_modules/node-rdkafka/build/deps 
DBG 77688: Setting socket (socket) status to ok (action cont)
DBG 77688: Setting parseversion (parseversion) status to ok (action cont)
DBG 77688: pkg-config check librt for CFLAGS (): pkg-config --short-errors --cflags librt
DBG 77688: 'pkg-config --short-errors --cflags librt' failed: No package 'librt' found
DBG 77688: Setting librt_PKGCONFIG (librt_PKGCONFIG) status to failed (action cont)
DBG 77688: Check librt_PKGCONFIG (, action cont (originally cont)) failed: 'pkg-config --short-errors --cflags librt' failed:
No package 'librt' found
DBG 77688: librt: Check for static library (libs -lrt, arfile variable STATIC_LIB_librt=, static filenames )
DBG 77688: Compile check librt () (sub=0): gcc  -gstrict-dwarf -O2 -fPIC -Wall -Wsign-compare -Wfloat-equal -Wpointer-arith -Wcast-align -Wall -Werror _mkltmpx9EPCg.c -o _mkltmpx9EPCg.c.o  -L/Users/olamidejubril/Desktop/Node-Kafka/creatBook/node_modules/node-rdkafka/build/deps -lrt
DBG 77688: compile check for librt () failed: gcc  -gstrict-dwarf -O2 -fPIC -Wall -Wsign-compare -Wfloat-equal -Wpointer-arith -Wcast-align -Wall -Werror _mkltmpx9EPCg.c -o _mkltmpx9EPCg.c.o  -L/Users/olamidejubril/Desktop/Node-Kafka/creatBook/node_modules/node-rdkafka/build/deps -lrt: ld: library not found for -lrt
clang: error: linker command failed with exit code 1 (use -v to see invocation)
DBG 77688: Setting librt (librt) status to failed (action cont)
DBG 77688: Check librt (, action cont (originally cont)) failed: compile check failed:
CC: CC
flags: -lrt
gcc  -gstrict-dwarf -O2 -fPIC -Wall -Wsign-compare -Wfloat-equal -Wpointer-arith -Wcast-align -Wall -Werror _mkltmpx9EPCg.c -o _mkltmpx9EPCg.c.o  -L/Users/olamidejubril/Desktop/Node-Kafka/creatBook/node_modules/node-rdkafka/build/deps -lrt:
ld: library not found for -lrt
clang: error: linker command failed with exit code 1 (use -v to see invocation)
source: 
DBG 77688: pkg-config check libpthread for CFLAGS (): pkg-config --short-errors --cflags libpthread
DBG 77688: 'pkg-config --short-errors --cflags libpthread' failed: No package 'libpthread' found
DBG 77688: Setting libpthread_PKGCONFIG (libpthread_PKGCONFIG) status to failed (action cont)
DBG 77688: Check libpthread_PKGCONFIG (, action cont (originally cont)) failed: 'pkg-config --short-errors --cflags libpthread' failed:
No package 'libpthread' found
DBG 77688: libpthread: Check for static library (libs -lpthread, arfile variable STATIC_LIB_libpthread=, static filenames )
DBG 77688: Compile check libpthread () (sub=0): gcc  -gstrict-dwarf -O2 -fPIC -Wall -Wsign-compare -Wfloat-equal -Wpointer-arith -Wcast-align -Wall -Werror _mkltmpEZFauI.c -o _mkltmpEZFauI.c.o  -L/Users/olamidejubril/Desktop/Node-Kafka/creatBook/node_modules/node-rdkafka/build/deps -lpthread
DBG 77688: Setting libpthread (libpthread) status to ok (action fail)
DBG 77688: libpthread: from lib_check: LIBS: prepend -lpthread
DBG 77688: pkg-config check c11threads for CFLAGS (WITH_C11THREADS): pkg-config --short-errors --cflags c11threads
DBG 77688: 'pkg-config --short-errors --cflags c11threads' failed: No package 'c11threads' found
DBG 77688: Setting c11threads_PKGCONFIG (c11threads_PKGCONFIG) status to failed (action cont)
DBG 77688: Check c11threads_PKGCONFIG (, action cont (originally cont)) failed: 'pkg-config --short-errors --cflags c11threads' failed:
No package 'c11threads' found
DBG 77688: c11threads: Check for static library (libs -lpthread, arfile variable STATIC_LIB_c11threads=, static filenames )
DBG 77688: Compile check c11threads (WITH_C11THREADS) (sub=0): gcc  -gstrict-dwarf -O2 -fPIC -Wall -Wsign-compare -Wfloat-equal -Wpointer-arith -Wcast-align -Wall -Werror _mkltmpTzOptz.c -o _mkltmpTzOptz.c.o  -L/Users/olamidejubril/Desktop/Node-Kafka/creatBook/node_modules/node-rdkafka/build/deps -lpthread
DBG 77688: compile check for c11threads (WITH_C11THREADS) failed: gcc  -gstrict-dwarf -O2 -fPIC -Wall -Wsign-compare -Wfloat-equal -Wpointer-arith -Wcast-align -Wall -Werror _mkltmpTzOptz.c -o _mkltmpTzOptz.c.o  -L/Users/olamidejubril/Desktop/Node-Kafka/creatBook/node_modules/node-rdkafka/build/deps -lpthread: _mkltmpTzOptz.c:2:10: fatal error: 'threads.h' file not found
#include <threads.h>
         ^~~~~~~~~~~
1 error generated.
DBG 77688: Setting c11threads (c11threads) status to failed (action disable)
DBG 77688: Check c11threads (WITH_C11THREADS, action disable (originally disable)) failed: compile check failed:
CC: CC
flags: -lpthread
gcc  -gstrict-dwarf -O2 -fPIC -Wall -Wsign-compare -Wfloat-equal -Wpointer-arith -Wcast-align -Wall -Werror _mkltmpTzOptz.c -o _mkltmpTzOptz.c.o  -L/Users/olamidejubril/Desktop/Node-Kafka/creatBook/node_modules/node-rdkafka/build/deps -lpthread:
_mkltmpTzOptz.c:2:10: fatal error: 'threads.h' file not found
#include <threads.h>
         ^~~~~~~~~~~
1 error generated.
source: 
#include <threads.h>


static int start_func (void *arg) {
   int iarg = *(int *)arg;
   return iarg;
}

void foo (void) {
    thrd_t thr;
    int arg = 1;
    if (thrd_create(&thr, start_func, (void *)&arg) != thrd_success) {
      ;
    }
}

DBG 77688: pkg-config check libdl for CFLAGS (WITH_LIBDL): pkg-config --short-errors --cflags libdl
DBG 77688: 'pkg-config --short-errors --cflags libdl' failed: No package 'libdl' found
DBG 77688: Setting libdl_PKGCONFIG (libdl_PKGCONFIG) status to failed (action cont)
DBG 77688: Check libdl_PKGCONFIG (, action cont (originally cont)) failed: 'pkg-config --short-errors --cflags libdl' failed:
No package 'libdl' found
DBG 77688: libdl: Check for static library (libs -ldl, arfile variable STATIC_LIB_libdl=, static filenames )
DBG 77688: Compile check libdl (WITH_LIBDL) (sub=0): gcc  -gstrict-dwarf -O2 -fPIC -Wall -Wsign-compare -Wfloat-equal -Wpointer-arith -Wcast-align -Wall -Werror _mkltmptaeyqC.c -o _mkltmptaeyqC.c.o  -L/Users/olamidejubril/Desktop/Node-Kafka/creatBook/node_modules/node-rdkafka/build/deps -ldl
DBG 77688: Setting libdl (libdl) status to ok (action disable)
DBG 77688: libdl: from lib_check: LIBS: prepend -ldl
DBG 77688: pkg-config check zlib for CFLAGS (WITH_ZLIB): pkg-config --short-errors --cflags zlib
DBG 77688: pkg-config check zlib for LIBS (WITH_ZLIB): pkg-config --short-errors --libs zlib
DBG 77688: zlib: from pkg-config: CFLAGS '', LIBS '-ldl -lpthread'
DBG 77688: zlib: performing compile check using pkg-config info
DBG 77688: Compile check zlib (WITH_ZLIB) (sub=1): gcc  -gstrict-dwarf -O2 -fPIC -Wall -Wsign-compare -Wfloat-equal -Wpointer-arith -Wcast-align -Wall -Werror _mkltmp9XofgB.c -o _mkltmp9XofgB.c.o  -L/Users/olamidejubril/Desktop/Node-Kafka/creatBook/node_modules/node-rdkafka/build/deps  -lz
DBG 77688: zlib: Check for static library (libs -lz, arfile variable STATIC_LIB_zlib=, static filenames libz.a)
DBG 77688: zlib: from pkg-config: LIBS: prepend -lz
DBG 77688: Setting zlib (zlib) status to ok (action cont)
DBG 77688: pkg-config check libcrypto for CFLAGS (): pkg-config --short-errors --cflags libcrypto
DBG 77688: 'pkg-config --short-errors --cflags libcrypto' failed: No package 'libcrypto' found
DBG 77688: Setting libcrypto_PKGCONFIG (libcrypto_PKGCONFIG) status to failed (action cont)
DBG 77688: Check libcrypto_PKGCONFIG (, action cont (originally cont)) failed: 'pkg-config --short-errors --cflags libcrypto' failed:
No package 'libcrypto' found
DBG 77688: libcrypto: Check for static library (libs -lcrypto, arfile variable STATIC_LIB_libcrypto=, static filenames libcrypto.a)
DBG 77688: Compile check libcrypto () (sub=0): gcc  -gstrict-dwarf -O2 -fPIC -Wall -Wsign-compare -Wfloat-equal -Wpointer-arith -Wcast-align -Wall -Werror _mkltmpPeJD33.c -o _mkltmpPeJD33.c.o  -L/Users/olamidejubril/Desktop/Node-Kafka/creatBook/node_modules/node-rdkafka/build/deps -lcrypto
DBG 77688: compile check for libcrypto () failed: gcc  -gstrict-dwarf -O2 -fPIC -Wall -Wsign-compare -Wfloat-equal -Wpointer-arith -Wcast-align -Wall -Werror _mkltmpPeJD33.c -o _mkltmpPeJD33.c.o  -L/Users/olamidejubril/Desktop/Node-Kafka/creatBook/node_modules/node-rdkafka/build/deps -lcrypto: _mkltmpPeJD33.c:2:10: fatal error: 'openssl/ssl.h' file not found
#include <openssl/ssl.h>
         ^~~~~~~~~~~~~~~
1 error generated.
DBG 77688: Setting libcrypto (libcrypto) status to failed (action disable)
DBG 77688: Check libcrypto (, action disable (originally disable)) failed: compile check failed:
CC: CC
flags: -lcrypto
gcc  -gstrict-dwarf -O2 -fPIC -Wall -Wsign-compare -Wfloat-equal -Wpointer-arith -Wcast-align -Wall -Werror _mkltmpPeJD33.c -o _mkltmpPeJD33.c.o  -L/Users/olamidejubril/Desktop/Node-Kafka/creatBook/node_modules/node-rdkafka/build/deps -lcrypto:
_mkltmpPeJD33.c:2:10: fatal error: 'openssl/ssl.h' file not found
#include <openssl/ssl.h>
         ^~~~~~~~~~~~~~~
1 error generated.
source: 
#include <openssl/ssl.h>
#include <openssl/evp.h>
#if OPENSSL_VERSION_NUMBER < 0x1000100fL
#error "Requires OpenSSL version >= v1.0.1"
#endif
DBG 77688: pkg-config check libsasl2 for CFLAGS (WITH_SASL_CYRUS): pkg-config --short-errors --cflags libsasl2
DBG 77688: 'pkg-config --short-errors --cflags libsasl2' failed: No package 'libsasl2' found
DBG 77688: Setting libsasl2_PKGCONFIG (libsasl2_PKGCONFIG) status to failed (action cont)
DBG 77688: Check libsasl2_PKGCONFIG (, action cont (originally cont)) failed: 'pkg-config --short-errors --cflags libsasl2' failed:
No package 'libsasl2' found
DBG 77688: libsasl2: Check for static library (libs -lsasl2, arfile variable STATIC_LIB_libsasl2=, static filenames )
DBG 77688: Compile check libsasl2 (WITH_SASL_CYRUS) (sub=0): gcc  -gstrict-dwarf -O2 -fPIC -Wall -Wsign-compare -Wfloat-equal -Wpointer-arith -Wcast-align -Wall -Werror _mkltmpWXZ1uN.c -o _mkltmpWXZ1uN.c.o  -L/Users/olamidejubril/Desktop/Node-Kafka/creatBook/node_modules/node-rdkafka/build/deps -lsasl2
DBG 77688: Setting libsasl2 (libsasl2) status to ok (action disable)
DBG 77688: libsasl2: from lib_check: LIBS: prepend -lsasl2
DBG 77688: pkg-config check libzstd for CFLAGS (WITH_ZSTD): pkg-config --short-errors --cflags libzstd
DBG 77688: pkg-config check libzstd for LIBS (WITH_ZSTD): pkg-config --short-errors --libs libzstd
DBG 77688: libzstd: from pkg-config: CFLAGS '', LIBS '-lsasl2 -lz -ldl -lpthread'
DBG 77688: libzstd: performing compile check using pkg-config info
DBG 77688: Compile check libzstd (WITH_ZSTD) (sub=1): gcc  -gstrict-dwarf -O2 -fPIC -Wall -Wsign-compare -Wfloat-equal -Wpointer-arith -Wcast-align -Wall -Werror _mkltmpbqk0Nk.c -o _mkltmpbqk0Nk.c.o  -L/Users/olamidejubril/Desktop/Node-Kafka/creatBook/node_modules/node-rdkafka/build/deps -I/opt/homebrew/Cellar/zstd/1.5.2/include -L/opt/homebrew/Cellar/zstd/1.5.2/lib -lzstd
DBG 77688: libzstd: Check for static library (libs -L/opt/homebrew/Cellar/zstd/1.5.2/lib -lzstd, arfile variable STATIC_LIB_libzstd=, static filenames libzstd.a)
DBG 77688: libzstd: from pkg-config: LIBS: prepend -L/opt/homebrew/Cellar/zstd/1.5.2/lib -lzstd
DBG 77688: Setting libzstd (libzstd) status to ok (action cont)
DBG 77688: pkg-config check libm for CFLAGS (): pkg-config --short-errors --cflags libm
DBG 77688: 'pkg-config --short-errors --cflags libm' failed: No package 'libm' found
DBG 77688: Setting libm_PKGCONFIG (libm_PKGCONFIG) status to failed (action cont)
DBG 77688: Check libm_PKGCONFIG (, action cont (originally cont)) failed: 'pkg-config --short-errors --cflags libm' failed:
No package 'libm' found
DBG 77688: libm: Check for static library (libs -lm, arfile variable STATIC_LIB_libm=, static filenames )
DBG 77688: Compile check libm () (sub=0): gcc -I/opt/homebrew/Cellar/zstd/1.5.2/include -gstrict-dwarf -O2 -fPIC -Wall -Wsign-compare -Wfloat-equal -Wpointer-arith -Wcast-align -Wall -Werror _mkltmpDPAohh.c -o _mkltmpDPAohh.c.o  -L/Users/olamidejubril/Desktop/Node-Kafka/creatBook/node_modules/node-rdkafka/build/deps -lm
DBG 77688: Setting libm (libm) status to ok (action disable)
DBG 77688: libm: from lib_check: LIBS: prepend -lm
DBG 77688: pkg-config check liblz4 for CFLAGS (WITH_LZ4_EXT): pkg-config --short-errors --cflags liblz4
DBG 77688: pkg-config check liblz4 for LIBS (WITH_LZ4_EXT): pkg-config --short-errors --libs liblz4
DBG 77688: liblz4: from pkg-config: CFLAGS '-I/opt/homebrew/Cellar/zstd/1.5.2/include', LIBS '-lm -L/opt/homebrew/Cellar/zstd/1.5.2/lib -lzstd -lsasl2 -lz -ldl -lpthread'
DBG 77688: liblz4: performing compile check using pkg-config info
DBG 77688: Compile check liblz4 (WITH_LZ4_EXT) (sub=1): gcc -I/opt/homebrew/Cellar/zstd/1.5.2/include -gstrict-dwarf -O2 -fPIC -Wall -Wsign-compare -Wfloat-equal -Wpointer-arith -Wcast-align -Wall -Werror _mkltmpE2OCDQ.c -o _mkltmpE2OCDQ.c.o  -L/Users/olamidejubril/Desktop/Node-Kafka/creatBook/node_modules/node-rdkafka/build/deps -I/opt/homebrew/Cellar/lz4/1.9.4/include -L/opt/homebrew/Cellar/lz4/1.9.4/lib -llz4
DBG 77688: liblz4: Check for static library (libs -L/opt/homebrew/Cellar/lz4/1.9.4/lib -llz4, arfile variable STATIC_LIB_liblz4=, static filenames liblz4.a)
DBG 77688: liblz4: from pkg-config: LIBS: prepend -L/opt/homebrew/Cellar/lz4/1.9.4/lib -llz4
DBG 77688: Setting liblz4 (liblz4) status to ok (action cont)
DBG 77688: Compile check syslog (WITH_SYSLOG) (sub=0): gcc -I/opt/homebrew/Cellar/zstd/1.5.2/include -I/opt/homebrew/Cellar/lz4/1.9.4/include -gstrict-dwarf -O2 -fPIC -Wall -Wsign-compare -Wfloat-equal -Wpointer-arith -Wcast-align -Wall -Werror _mkltmp4MWsh1.c -o _mkltmp4MWsh1.c.o  -L/Users/olamidejubril/Desktop/Node-Kafka/creatBook/node_modules/node-rdkafka/build/deps 
DBG 77688: Setting syslog (syslog) status to ok (action disable)
DBG 77688: Compile check rapidjson (WITH_RAPIDJSON) (sub=0): g++  -gstrict-dwarf -O2 -fPIC -Wall -Wsign-compare -Wfloat-equal -Wpointer-arith -Wcast-align -Wall -Werror _mkltmpRgLHDI.cpp -o _mkltmpRgLHDI.cpp.o  -L/Users/olamidejubril/Desktop/Node-Kafka/creatBook/node_modules/node-rdkafka/build/deps 
DBG 77688: compile check for rapidjson (WITH_RAPIDJSON) failed: g++  -gstrict-dwarf -O2 -fPIC -Wall -Wsign-compare -Wfloat-equal -Wpointer-arith -Wcast-align -Wall -Werror _mkltmpRgLHDI.cpp -o _mkltmpRgLHDI.cpp.o  -L/Users/olamidejubril/Desktop/Node-Kafka/creatBook/node_modules/node-rdkafka/build/deps : _mkltmpRgLHDI.cpp:1:10: fatal error: 'rapidjson/schema.h' file not found
#include <rapidjson/schema.h>
         ^~~~~~~~~~~~~~~~~~~~
1 error generated.
DBG 77688: Setting rapidjson (rapidjson) status to failed (action disable)
DBG 77688: Check rapidjson (WITH_RAPIDJSON, action disable (originally disable)) failed: compile check failed:
CC: CXX
flags: 
g++  -gstrict-dwarf -O2 -fPIC -Wall -Wsign-compare -Wfloat-equal -Wpointer-arith -Wcast-align -Wall -Werror _mkltmpRgLHDI.cpp -o _mkltmpRgLHDI.cpp.o  -L/Users/olamidejubril/Desktop/Node-Kafka/creatBook/node_modules/node-rdkafka/build/deps :
_mkltmpRgLHDI.cpp:1:10: fatal error: 'rapidjson/schema.h' file not found
#include <rapidjson/schema.h>
         ^~~~~~~~~~~~~~~~~~~~
1 error generated.
source: #include <rapidjson/schema.h>
DBG 77688: Compile check crc32chw (WITH_CRC32C_HW) (sub=0): gcc -I/opt/homebrew/Cellar/zstd/1.5.2/include -I/opt/homebrew/Cellar/lz4/1.9.4/include -gstrict-dwarf -O2 -fPIC -Wall -Wsign-compare -Wfloat-equal -Wpointer-arith -Wcast-align -Wall -Werror _mkltmpzlDC6f.c -o _mkltmpzlDC6f.c.o  -L/Users/olamidejubril/Desktop/Node-Kafka/creatBook/node_modules/node-rdkafka/build/deps 
DBG 77688: compile check for crc32chw (WITH_CRC32C_HW) failed: gcc -I/opt/homebrew/Cellar/zstd/1.5.2/include -I/opt/homebrew/Cellar/lz4/1.9.4/include -gstrict-dwarf -O2 -fPIC -Wall -Wsign-compare -Wfloat-equal -Wpointer-arith -Wcast-align -Wall -Werror _mkltmpzlDC6f.c -o _mkltmpzlDC6f.c.o  -L/Users/olamidejubril/Desktop/Node-Kafka/creatBook/node_modules/node-rdkafka/build/deps : _mkltmpzlDC6f.c:12:14: error: invalid output constraint '=c' in asm
           : "=c"(ecx)
             ^
1 error generated.
DBG 77688: Setting crc32chw (crc32chw) status to failed (action disable)
DBG 77688: Check crc32chw (WITH_CRC32C_HW, action disable (originally disable)) failed: compile check failed:
CC: CC
flags: 
gcc -I/opt/homebrew/Cellar/zstd/1.5.2/include -I/opt/homebrew/Cellar/lz4/1.9.4/include -gstrict-dwarf -O2 -fPIC -Wall -Wsign-compare -Wfloat-equal -Wpointer-arith -Wcast-align -Wall -Werror _mkltmpzlDC6f.c -o _mkltmpzlDC6f.c.o  -L/Users/olamidejubril/Desktop/Node-Kafka/creatBook/node_modules/node-rdkafka/build/deps :
_mkltmpzlDC6f.c:12:14: error: invalid output constraint '=c' in asm
           : "=c"(ecx)
             ^
1 error generated.
source: 
#include <inttypes.h>
#include <stdio.h>
#define LONGx1 "8192"
#define LONGx2 "16384"
void foo (void) {
   const char *n = "abcdefghijklmnopqrstuvwxyz0123456789";
   uint64_t c0 = 0, c1 = 1, c2 = 2;
   uint64_t s;
   uint32_t eax = 1, ecx;
   __asm__("cpuid"
           : "=c"(ecx)
           : "a"(eax)
           : "%ebx", "%edx");
   __asm__("crc32b\t" "(%1), %0"
           : "=r"(c0)
           : "r"(n), "0"(c0));
   __asm__("crc32q\t" "(%3), %0\n\t"
           "crc32q\t" LONGx1 "(%3), %1\n\t"
           "crc32q\t" LONGx2 "(%3), %2"
           : "=r"(c0), "=r"(c1), "=r"(c2)
           : "r"(n), "0"(c0), "1"(c1), "2"(c2));
  s = c0 + c1 + c2;
  printf("avoiding unused code removal by printing %d, %d, %d\n", (int)s, (int)eax, (int)ecx);
}

DBG 77688: Compile check regex (HAVE_REGEX) (sub=0): gcc -I/opt/homebrew/Cellar/zstd/1.5.2/include -I/opt/homebrew/Cellar/lz4/1.9.4/include -gstrict-dwarf -O2 -fPIC -Wall -Wsign-compare -Wfloat-equal -Wpointer-arith -Wcast-align -Wall -Werror _mkltmpfDPPns.c -o _mkltmpfDPPns.c.o  -L/Users/olamidejubril/Desktop/Node-Kafka/creatBook/node_modules/node-rdkafka/build/deps 
DBG 77688: Setting regex (regex) status to ok (action disable)
DBG 77688: Compile check rand_r (HAVE_RAND_R) (sub=0): gcc -I/opt/homebrew/Cellar/zstd/1.5.2/include -I/opt/homebrew/Cellar/lz4/1.9.4/include -gstrict-dwarf -O2 -fPIC -Wall -Wsign-compare -Wfloat-equal -Wpointer-arith -Wcast-align -Wall -Werror _mkltmp8noi38.c -o _mkltmp8noi38.c.o  -L/Users/olamidejubril/Desktop/Node-Kafka/creatBook/node_modules/node-rdkafka/build/deps 
DBG 77688: Setting rand_r (rand_r) status to ok (action disable)
DBG 77688: Compile check strndup (HAVE_STRNDUP) (sub=0): gcc -I/opt/homebrew/Cellar/zstd/1.5.2/include -I/opt/homebrew/Cellar/lz4/1.9.4/include -gstrict-dwarf -O2 -fPIC -Wall -Wsign-compare -Wfloat-equal -Wpointer-arith -Wcast-align -Wall -Werror _mkltmpy8SHFU.c -o _mkltmpy8SHFU.c.o  -L/Users/olamidejubril/Desktop/Node-Kafka/creatBook/node_modules/node-rdkafka/build/deps 
DBG 77688: Setting strndup (strndup) status to ok (action disable)
DBG 77688: Compile check strlcpy (HAVE_STRLCPY) (sub=0): gcc -I/opt/homebrew/Cellar/zstd/1.5.2/include -I/opt/homebrew/Cellar/lz4/1.9.4/include -gstrict-dwarf -O2 -fPIC -Wall -Wsign-compare -Wfloat-equal -Wpointer-arith -Wcast-align -Wall -Werror _mkltmp84pd8c.c -o _mkltmp84pd8c.c.o  -L/Users/olamidejubril/Desktop/Node-Kafka/creatBook/node_modules/node-rdkafka/build/deps 
DBG 77688: Setting strlcpy (strlcpy) status to ok (action disable)
DBG 77688: Compile check strerror_r (HAVE_STRERROR_R) (sub=0): gcc -I/opt/homebrew/Cellar/zstd/1.5.2/include -I/opt/homebrew/Cellar/lz4/1.9.4/include -gstrict-dwarf -O2 -fPIC -Wall -Wsign-compare -Wfloat-equal -Wpointer-arith -Wcast-align -Wall -Werror _mkltmphnJR3A.c -o _mkltmphnJR3A.c.o  -L/Users/olamidejubril/Desktop/Node-Kafka/creatBook/node_modules/node-rdkafka/build/deps 
DBG 77688: Setting strerror_r (strerror_r) status to ok (action disable)
DBG 77688: Compile check strcasestr (HAVE_STRCASESTR) (sub=0): gcc -I/opt/homebrew/Cellar/zstd/1.5.2/include -I/opt/homebrew/Cellar/lz4/1.9.4/include -gstrict-dwarf -O2 -fPIC -Wall -Wsign-compare -Wfloat-equal -Wpointer-arith -Wcast-align -Wall -Werror _mkltmpwJXUQd.c -o _mkltmpwJXUQd.c.o  -L/Users/olamidejubril/Desktop/Node-Kafka/creatBook/node_modules/node-rdkafka/build/deps 
DBG 77688: Setting strcasestr (strcasestr) status to ok (action disable)
DBG 77688: Compile check pthread_setname_gnu (HAVE_PTHREAD_SETNAME_GNU) (sub=0): gcc -I/opt/homebrew/Cellar/zstd/1.5.2/include -I/opt/homebrew/Cellar/lz4/1.9.4/include -gstrict-dwarf -O2 -fPIC -Wall -Wsign-compare -Wfloat-equal -Wpointer-arith -Wcast-align -Wall -Werror _mkltmpD9KOcU.c -o _mkltmpD9KOcU.c.o  -L/Users/olamidejubril/Desktop/Node-Kafka/creatBook/node_modules/node-rdkafka/build/deps -D_GNU_SOURCE -lpthread
DBG 77688: compile check for pthread_setname_gnu (HAVE_PTHREAD_SETNAME_GNU) failed: gcc -I/opt/homebrew/Cellar/zstd/1.5.2/include -I/opt/homebrew/Cellar/lz4/1.9.4/include -gstrict-dwarf -O2 -fPIC -Wall -Wsign-compare -Wfloat-equal -Wpointer-arith -Wcast-align -Wall -Werror _mkltmpD9KOcU.c -o _mkltmpD9KOcU.c.o  -L/Users/olamidejubril/Desktop/Node-Kafka/creatBook/node_modules/node-rdkafka/build/deps -D_GNU_SOURCE -lpthread: _mkltmpD9KOcU.c:5:38: error: too many arguments to function call, expected 1, have 2
  pthread_setname_np(pthread_self(), "abc");
  ~~~~~~~~~~~~~~~~~~                 ^~~~~
/Library/Developer/CommandLineTools/SDKs/MacOSX.sdk/usr/include/pthread.h:510:5: note: 'pthread_setname_np' declared here
int     pthread_setname_np(const char*);
        ^
1 error generated.
DBG 77688: Setting pthread_setname_gnu (pthread_setname_gnu) status to failed (action disable)
DBG 77688: Check pthread_setname_gnu (HAVE_PTHREAD_SETNAME_GNU, action disable (originally disable)) failed: compile check failed:
CC: CC
flags: -D_GNU_SOURCE -lpthread
gcc -I/opt/homebrew/Cellar/zstd/1.5.2/include -I/opt/homebrew/Cellar/lz4/1.9.4/include -gstrict-dwarf -O2 -fPIC -Wall -Wsign-compare -Wfloat-equal -Wpointer-arith -Wcast-align -Wall -Werror _mkltmpD9KOcU.c -o _mkltmpD9KOcU.c.o  -L/Users/olamidejubril/Desktop/Node-Kafka/creatBook/node_modules/node-rdkafka/build/deps -D_GNU_SOURCE -lpthread:
_mkltmpD9KOcU.c:5:38: error: too many arguments to function call, expected 1, have 2
  pthread_setname_np(pthread_self(), "abc");
  ~~~~~~~~~~~~~~~~~~                 ^~~~~
/Library/Developer/CommandLineTools/SDKs/MacOSX.sdk/usr/include/pthread.h:510:5: note: 'pthread_setname_np' declared here
int     pthread_setname_np(const char*);
        ^
1 error generated.
source: 
#include <pthread.h>

void foo (void) {
  pthread_setname_np(pthread_self(), "abc");
}

DBG 77688: Compile check pthread_setname_darwin (HAVE_PTHREAD_SETNAME_DARWIN) (sub=0): gcc -I/opt/homebrew/Cellar/zstd/1.5.2/include -I/opt/homebrew/Cellar/lz4/1.9.4/include -gstrict-dwarf -O2 -fPIC -Wall -Wsign-compare -Wfloat-equal -Wpointer-arith -Wcast-align -Wall -Werror _mkltmpIr5ViH.c -o _mkltmpIr5ViH.c.o  -L/Users/olamidejubril/Desktop/Node-Kafka/creatBook/node_modules/node-rdkafka/build/deps -D_DARWIN_C_SOURCE -lpthread
DBG 77688: Setting pthread_setname_darwin (pthread_setname_darwin) status to ok (action disable)
DBG 77688: Setting nm (nm) status to ok (action cont)
DBG 77688: Compile check getrusage (HAVE_GETRUSAGE) (sub=0): gcc -I/opt/homebrew/Cellar/zstd/1.5.2/include -I/opt/homebrew/Cellar/lz4/1.9.4/include -gstrict-dwarf -O2 -fPIC -Wall -Wsign-compare -Wfloat-equal -Wpointer-arith -Wcast-align -Wall -Werror _mkltmpa3FOdn.c -o _mkltmpa3FOdn.c.o  -L/Users/olamidejubril/Desktop/Node-Kafka/creatBook/node_modules/node-rdkafka/build/deps 
DBG 77688: Setting getrusage (getrusage) status to ok (action disable)
DBG 77688: Ignoring arg -L/opt/homebrew/Cellar/lz4/1.9.4/lib from LIBS while building STATIC and DYNAMIC lists
DBG 77688: Ignoring arg -L/opt/homebrew/Cellar/zstd/1.5.2/lib from LIBS while building STATIC and DYNAMIC lists
